[debug] [2022-07-14T15:36:09.724Z] ----------------------------------------------------------------------
[debug] [2022-07-14T15:36:09.727Z] Command:       C:\Program Files\nodejs\node.exe C:\Users\Aashish Lohar\AppData\Roaming\npm\node_modules\firebase-tools\lib\bin\firebase.js init
[debug] [2022-07-14T15:36:09.727Z] CLI Version:   11.2.1
[debug] [2022-07-14T15:36:09.727Z] Platform:      win32
[debug] [2022-07-14T15:36:09.727Z] Node Version:  v16.15.1
[debug] [2022-07-14T15:36:09.728Z] Time:          Thu Jul 14 2022 21:06:09 GMT+0530 (India Standard Time)
[debug] [2022-07-14T15:36:09.728Z] ----------------------------------------------------------------------
[debug] 
[debug] [2022-07-14T15:36:09.813Z] > command requires scopes: ["email","openid","https://www.googleapis.com/auth/cloudplatformprojects.readonly","https://www.googleapis.com/auth/firebase","https://www.googleapis.com/auth/cloud-platform"]
[debug] [2022-07-14T15:36:09.813Z] > authorizing via signed-in user (hk4ulegend@gmail.com)
[info] 
     ######## #### ########  ######## ########     ###     ######  ########
     ##        ##  ##     ## ##       ##     ##  ##   ##  ##       ##
     ######    ##  ########  ######   ########  #########  ######  ######
     ##        ##  ##    ##  ##       ##     ## ##     ##       ## ##
     ##       #### ##     ## ######## ########  ##     ##  ######  ########

You're about to initialize a Firebase project in this directory:

  E:\learning\forms

Before we get started, keep in mind:

  * You are initializing within an existing Firebase project directory

[info] 
=== Project Setup
[info] 
[info] First, let's associate this project directory with a Firebase project.
[info] You can create multiple project aliases by running firebase use --add, 
[info] but for now we'll just set up a default project.
[info] 
[debug] [2022-07-14T15:36:21.770Z] Using project from CLI flag: quotes-app-925e6
[debug] [2022-07-14T15:36:21.773Z] > refreshing access token with scopes: []
[debug] [2022-07-14T15:36:21.777Z] >>> [apiv2][query] POST https://www.googleapis.com/oauth2/v3/token [none]
[debug] [2022-07-14T15:36:21.778Z] >>> [apiv2][body] POST https://www.googleapis.com/oauth2/v3/token [omitted]
[debug] [2022-07-14T15:36:22.109Z] <<< [apiv2][status] POST https://www.googleapis.com/oauth2/v3/token 200
[debug] [2022-07-14T15:36:22.109Z] <<< [apiv2][body] POST https://www.googleapis.com/oauth2/v3/token [omitted]
[debug] [2022-07-14T15:36:22.189Z] >>> [apiv2][query] GET https://firebase.googleapis.com/v1beta1/projects/quotes-app-925e6 [none]
[debug] [2022-07-14T15:36:22.712Z] <<< [apiv2][status] GET https://firebase.googleapis.com/v1beta1/projects/quotes-app-925e6 200
[debug] [2022-07-14T15:36:22.712Z] <<< [apiv2][body] GET https://firebase.googleapis.com/v1beta1/projects/quotes-app-925e6 {"projectId":"quotes-app-925e6","projectNumber":"713968235456","displayName":"quotes-app","name":"projects/quotes-app-925e6","resources":{"hostingSite":"quotes-app-925e6","storageBucket":"quotes-app-925e6.appspot.com","locationId":"us-central"},"state":"ACTIVE"}
[info] i  Using project quotes-app-925e6 (quotes-app) 
[info] 
=== Hosting Setup
[info] 
[info] Your public directory is the folder (relative to your project directory) that
[info] will contain Hosting assets to be uploaded with firebase deploy. If you
[info] have a build process for your assets, use your build's output directory.
[info] 
